<?xml version="1.0" encoding="UTF-8"?>
<testng-results skipped="0" failed="0" ignored="0" total="1" passed="1">
  <reporter-output>
    <line>
      <![CDATA[New Testcase->Sign Up Application Started]]>
    </line>
    <line>
      <![CDATA[GOTOURL------------url]]>
    </line>
    <line>
      <![CDATA[CLICK----signUpButton----name----]]>
    </line>
    <line>
      <![CDATA[SETTEXT----signUpFName----name----Antero]]>
    </line>
    <line>
      <![CDATA[SETTEXT----signUpLName----name----vaissi]]>
    </line>
    <line>
      <![CDATA[SETTEXT----signUpBDay----name----03/06/1992]]>
    </line>
    <line>
      <![CDATA[SETTEXT----signUpEmail----name----test@test.com]]>
    </line>
    <line>
      <![CDATA[SETTEXT----signUpStreet----name----NewLandStreet]]>
    </line>
    <line>
      <![CDATA[SETTEXT----signUpCity----name----New York]]>
    </line>
    <line>
      <![CDATA[SELECTTEXT----signUpState----name----Alabama]]>
    </line>
    <line>
      <![CDATA[SETTEXT----signUpPostalCode----name----35006]]>
    </line>
    <line>
      <![CDATA[SETTEXT----signUpPassword----name----test]]>
    </line>
    <line>
      <![CDATA[CLICK----registerButton----name----]]>
    </line>
    <line>
      <![CDATA[New Testcase->Login In Application Started]]>
    </line>
    <line>
      <![CDATA[GOTOURL------------url]]>
    </line>
    <line>
      <![CDATA[SETTEXT----emailId----name----john.smith@gmail.com]]>
    </line>
    <line>
      <![CDATA[SETTEXT----password----name----john]]>
    </line>
    <line>
      <![CDATA[CLICK----loginButton----name----]]>
    </line>
  </reporter-output>
  <suite name="Default suite" duration-ms="16019" started-at="2017-06-10T08:23:10Z" finished-at="2017-06-10T08:23:26Z">
    <groups>
    </groups>
    <test name="Default test" duration-ms="16019" started-at="2017-06-10T08:23:10Z" finished-at="2017-06-10T08:23:26Z">
      <class name="testCases.TC001_BorlandTest">
        <test-method status="PASS" signature="browserSetup()[pri:0, instance:testCases.TC001_BorlandTest@66a3ffec]" name="browserSetup" is-config="true" duration-ms="4358" started-at="2017-06-10T13:53:10Z" finished-at="2017-06-10T13:53:14Z">
          <reporter-output>
          </reporter-output>
        </test-method> <!-- browserSetup -->
        <test-method status="PASS" signature="testLogin()[pri:0, instance:testCases.TC001_BorlandTest@66a3ffec]" name="testLogin" duration-ms="11565" started-at="2017-06-10T13:53:14Z" finished-at="2017-06-10T13:53:26Z">
          <reporter-output>
            <line>
              <![CDATA[New Testcase->Sign Up Application Started]]>
            </line>
            <line>
              <![CDATA[GOTOURL------------url]]>
            </line>
            <line>
              <![CDATA[CLICK----signUpButton----name----]]>
            </line>
            <line>
              <![CDATA[SETTEXT----signUpFName----name----Antero]]>
            </line>
            <line>
              <![CDATA[SETTEXT----signUpLName----name----vaissi]]>
            </line>
            <line>
              <![CDATA[SETTEXT----signUpBDay----name----03/06/1992]]>
            </line>
            <line>
              <![CDATA[SETTEXT----signUpEmail----name----test@test.com]]>
            </line>
            <line>
              <![CDATA[SETTEXT----signUpStreet----name----NewLandStreet]]>
            </line>
            <line>
              <![CDATA[SETTEXT----signUpCity----name----New York]]>
            </line>
            <line>
              <![CDATA[SELECTTEXT----signUpState----name----Alabama]]>
            </line>
            <line>
              <![CDATA[SETTEXT----signUpPostalCode----name----35006]]>
            </line>
            <line>
              <![CDATA[SETTEXT----signUpPassword----name----test]]>
            </line>
            <line>
              <![CDATA[CLICK----registerButton----name----]]>
            </line>
            <line>
              <![CDATA[New Testcase->Login In Application Started]]>
            </line>
            <line>
              <![CDATA[GOTOURL------------url]]>
            </line>
            <line>
              <![CDATA[SETTEXT----emailId----name----john.smith@gmail.com]]>
            </line>
            <line>
              <![CDATA[SETTEXT----password----name----john]]>
            </line>
            <line>
              <![CDATA[CLICK----loginButton----name----]]>
            </line>
          </reporter-output>
        </test-method> <!-- testLogin -->
        <test-method status="PASS" signature="closeSession()[pri:0, instance:testCases.TC001_BorlandTest@66a3ffec]" name="closeSession" is-config="true" duration-ms="77" started-at="2017-06-10T13:53:26Z" finished-at="2017-06-10T13:53:26Z">
          <reporter-output>
          </reporter-output>
        </test-method> <!-- closeSession -->
      </class> <!-- testCases.TC001_BorlandTest -->
    </test> <!-- Default test -->
  </suite> <!-- Default suite -->
</testng-results>
